<?xml version="1.0" encoding="UTF-8"?>
<testng-results skipped="0" failed="0" ignored="0" total="1" passed="1">
  <reporter-output>
  </reporter-output>
  <suite name="Default suite" duration-ms="36529" started-at="2019-01-16T11:13:32Z" finished-at="2019-01-16T11:14:09Z">
    <groups>
    </groups>
    <test name="Default test" duration-ms="36529" started-at="2019-01-16T11:13:32Z" finished-at="2019-01-16T11:14:09Z">
      <class name="com.qa.Tests.LoginTests">
        <test-method status="PASS" signature="Login()[pri:0, instance:com.qa.Tests.LoginTests@5c7fa833]" name="Login" duration-ms="36493" started-at="2019-01-16T11:13:32Z" finished-at="2019-01-16T11:14:09Z">
          <reporter-output>
          </reporter-output>
        </test-method> <!-- Login -->
      </class> <!-- com.qa.Tests.LoginTests -->
    </test> <!-- Default test -->
  </suite> <!-- Default suite -->
</testng-results>
